<?xml version="1.0" encoding="UTF-8"?>
<!-- Generated by org.testng.reporters.JUnitXMLReporter -->
<testsuite ignored="0" hostname="Timmeshs-MacBook-Air.local" failures="0" tests="12" name="TestCases" time="36.445" errors="0" timestamp="2025-03-25T12:51:32 IST">
  <testcase classname="tnp.tutorialNingaProject.RegisterPage" name="verifyRegisterWithMandatoryFeilds" time="0.776"/>
  <testcase classname="tnp.tutorialNingaProject.RegisterPage" name="verifyRegisterWithAllFeilds" time="0.765"/>
  <testcase classname="tnp.tutorialNingaProject.RegisterPage" name="verifyRegisterWithExistingEmailAddress" time="0.755"/>
  <testcase classname="tnp.tutorialNingaProject.RegisterPage" name="verifyRegisterWithoutEnteringAnyData" time="0.207"/>
  <testcase classname="tnp.tutorialNingaProject.SearchPage" name="searchWithValidProduct" time="0.291"/>
  <testcase classname="tnp.tutorialNingaProject.SearchPage" name="searchWithInValidProduct" time="0.231"/>
  <testcase classname="tnp.tutorialNingaProject.SearchPage" name="searchWithoutProduct" time="0.172"/>
  <testcase classname="tnp.tutorialNingaProject.LoginPage" name="verifyLoginWithValidCredentials" time="0.612"/>
  <testcase classname="tnp.tutorialNingaProject.LoginPage" name="verifyLoginWithInValidCredentials" time="0.893"/>
  <testcase classname="tnp.tutorialNingaProject.LoginPage" name="verifyLoginWithValidEmailAndInvalidPassword" time="0.5"/>
  <testcase classname="tnp.tutorialNingaProject.LoginPage" name="verifyLoginWithOutCredentials" time="0.543"/>
  <testcase classname="tnp.tutorialNingaProject.LoginPage" name="verifyWithInvalidEmailAndValidPassword" time="0.709"/>
</testsuite> <!-- TestCases -->
